0 info it worked if it ends with ok
1 verbose cli [ '/home/mario/.nvm/versions/node/v7.8.0/bin/node',
1 verbose cli   '/home/mario/.nvm/versions/node/v7.8.0/bin/npm',
1 verbose cli   'version',
1 verbose cli   'patch' ]
2 info using npm@3.10.7
3 info using node@v7.8.0
4 info git [ 'status', '--porcelain' ]
5 verbose stack Error: Git working directory not clean.
5 verbose stack M package.json
5 verbose stack D tumin/000113.log
5 verbose stack M tumin/CURRENT
5 verbose stack M tumin/LOG
5 verbose stack M tumin/LOG.old
5 verbose stack D tumin/MANIFEST-000111
5 verbose stack     at /home/mario/.nvm/versions/node/v7.8.0/lib/node_modules/npm/lib/version.js:247:19
5 verbose stack     at /home/mario/.nvm/versions/node/v7.8.0/lib/node_modules/npm/lib/utils/no-progress-while-running.js:21:8
5 verbose stack     at ChildProcess.exithandler (child_process.js:197:7)
5 verbose stack     at emitTwo (events.js:106:13)
5 verbose stack     at ChildProcess.emit (events.js:194:7)
5 verbose stack     at maybeClose (internal/child_process.js:899:16)
5 verbose stack     at Socket.<anonymous> (internal/child_process.js:342:11)
5 verbose stack     at emitOne (events.js:96:13)
5 verbose stack     at Socket.emit (events.js:191:7)
5 verbose stack     at Pipe._handle.close [as _onclose] (net.js:509:12)
6 verbose cwd /home/mario/IdeaProjects/tumin/tumin
7 error Linux 4.8.0-46-generic
8 error argv "/home/mario/.nvm/versions/node/v7.8.0/bin/node" "/home/mario/.nvm/versions/node/v7.8.0/bin/npm" "version" "patch"
9 error node v7.8.0
10 error npm  v3.10.7
11 error Git working directory not clean.
11 error M package.json
11 error D tumin/000113.log
11 error M tumin/CURRENT
11 error M tumin/LOG
11 error M tumin/LOG.old
11 error D tumin/MANIFEST-000111
12 error If you need help, you may report this error at:
12 error     <https://github.com/npm/npm/issues>
13 verbose exit [ 1, true ]
